[debug] [2026-03-13T01:35:33.997Z] ----------------------------------------------------------------------
[debug] [2026-03-13T01:35:33.999Z] Command:       /usr/local/share/nvm/versions/node/v24.11.1/bin/node /home/codespace/nvm/current/bin/firebase init
[debug] [2026-03-13T01:35:33.999Z] CLI Version:   15.9.1
[debug] [2026-03-13T01:35:33.999Z] Platform:      linux
[debug] [2026-03-13T01:35:33.999Z] Node Version:  v24.11.1
[debug] [2026-03-13T01:35:33.999Z] Time:          Fri Mar 13 2026 01:35:33 GMT+0000 (Coordinated Universal Time)
[debug] [2026-03-13T01:35:33.999Z] ----------------------------------------------------------------------
[debug] 
[info] 
     ######## #### ########  ######## ########     ###     ######  ########
     ##        ##  ##     ## ##       ##     ##  ##   ##  ##       ##
     ######    ##  ########  ######   ########  #########  ######  ######
     ##        ##  ##    ##  ##       ##     ## ##     ##       ## ##
     ##       #### ##     ## ######## ########  ##     ##  ######  ########

You're about to initialize a Firebase project in this directory:

  /workspaces/projecthackethon

Before we get started, keep in mind:

  * You are currently outside your home directory

[info] 
=== Project Setup
[info] 
[info] First, let's associate this project directory with a Firebase project.
[info] You can create multiple project aliases by running firebase use --add, 
[info] 
[debug] [2026-03-13T01:35:38.727Z] > command requires scopes: ["email","openid","https://www.googleapis.com/auth/cloudplatformprojects.readonly","https://www.googleapis.com/auth/firebase","https://www.googleapis.com/auth/cloud-platform"]
[debug] [2026-03-13T01:35:38.728Z] > authorizing via signed-in user (thoduvailsidharth@gmail.com)
[debug] [2026-03-13T01:35:38.729Z] Checked if tokens are valid: true, expires at: 1773369328563
[debug] [2026-03-13T01:35:38.729Z] Checked if tokens are valid: true, expires at: 1773369328563
[debug] [2026-03-13T01:35:38.730Z] >>> [apiv2][query] GET https://firebase.googleapis.com/v1beta1/projects pageSize=100
[debug] [2026-03-13T01:35:39.391Z] <<< [apiv2][status] GET https://firebase.googleapis.com/v1beta1/projects 200
[debug] [2026-03-13T01:35:39.391Z] <<< [apiv2][body] GET https://firebase.googleapis.com/v1beta1/projects [omitted]
[info] 
=== Dataconnect Setup
[info] i  dataconnect: ensuring required API firebasedataconnect.googleapis.com is enabled... 
[debug] [2026-03-13T01:35:43.653Z] Checked if tokens are valid: true, expires at: 1773369328563
[debug] [2026-03-13T01:35:43.653Z] Checked if tokens are valid: true, expires at: 1773369328563
[info] i  dataconnect: ensuring required API sqladmin.googleapis.com is enabled... 
[debug] [2026-03-13T01:35:43.655Z] Checked if tokens are valid: true, expires at: 1773369328563
[debug] [2026-03-13T01:35:43.655Z] Checked if tokens are valid: true, expires at: 1773369328563
[debug] [2026-03-13T01:35:43.655Z] >>> [apiv2][query] GET https://serviceusage.googleapis.com/v1/projects/titan-fde30/services/firebasedataconnect.googleapis.com [none]
[debug] [2026-03-13T01:35:43.655Z] >>> [apiv2][(partial)header] GET https://serviceusage.googleapis.com/v1/projects/titan-fde30/services/firebasedataconnect.googleapis.com  x-goog-user-project=titan-fde30
[debug] [2026-03-13T01:35:43.656Z] >>> [apiv2][query] GET https://serviceusage.googleapis.com/v1/projects/titan-fde30/services/sqladmin.googleapis.com [none]
[debug] [2026-03-13T01:35:43.656Z] >>> [apiv2][(partial)header] GET https://serviceusage.googleapis.com/v1/projects/titan-fde30/services/sqladmin.googleapis.com  x-goog-user-project=titan-fde30
[debug] [2026-03-13T01:35:45.326Z] <<< [apiv2][status] GET https://serviceusage.googleapis.com/v1/projects/titan-fde30/services/firebasedataconnect.googleapis.com 200
[debug] [2026-03-13T01:35:45.326Z] <<< [apiv2][body] GET https://serviceusage.googleapis.com/v1/projects/titan-fde30/services/firebasedataconnect.googleapis.com [omitted]
[warn] ⚠  dataconnect: missing required API firebasedataconnect.googleapis.com. Enabling now... 
[debug] [2026-03-13T01:35:45.327Z] Checked if tokens are valid: true, expires at: 1773369328563
[debug] [2026-03-13T01:35:45.327Z] Checked if tokens are valid: true, expires at: 1773369328563
[debug] [2026-03-13T01:35:45.327Z] >>> [apiv2][query] POST https://serviceusage.googleapis.com/v1/projects/titan-fde30/services/firebasedataconnect.googleapis.com:enable [none]
[debug] [2026-03-13T01:35:45.327Z] >>> [apiv2][(partial)header] POST https://serviceusage.googleapis.com/v1/projects/titan-fde30/services/firebasedataconnect.googleapis.com:enable  x-goog-user-project=titan-fde30
[debug] [2026-03-13T01:35:45.330Z] <<< [apiv2][status] GET https://serviceusage.googleapis.com/v1/projects/titan-fde30/services/sqladmin.googleapis.com 200
[debug] [2026-03-13T01:35:45.330Z] <<< [apiv2][body] GET https://serviceusage.googleapis.com/v1/projects/titan-fde30/services/sqladmin.googleapis.com [omitted]
[warn] ⚠  dataconnect: missing required API sqladmin.googleapis.com. Enabling now... 
[debug] [2026-03-13T01:35:45.330Z] Checked if tokens are valid: true, expires at: 1773369328563
[debug] [2026-03-13T01:35:45.330Z] Checked if tokens are valid: true, expires at: 1773369328563
[debug] [2026-03-13T01:35:45.330Z] >>> [apiv2][query] POST https://serviceusage.googleapis.com/v1/projects/titan-fde30/services/sqladmin.googleapis.com:enable [none]
[debug] [2026-03-13T01:35:45.330Z] >>> [apiv2][(partial)header] POST https://serviceusage.googleapis.com/v1/projects/titan-fde30/services/sqladmin.googleapis.com:enable  x-goog-user-project=titan-fde30
[debug] [2026-03-13T01:35:45.795Z] <<< [apiv2][status] POST https://serviceusage.googleapis.com/v1/projects/titan-fde30/services/firebasedataconnect.googleapis.com:enable 200
[debug] [2026-03-13T01:35:45.795Z] <<< [apiv2][body] POST https://serviceusage.googleapis.com/v1/projects/titan-fde30/services/firebasedataconnect.googleapis.com:enable [omitted]
[debug] [2026-03-13T01:35:47.089Z] <<< [apiv2][status] POST https://serviceusage.googleapis.com/v1/projects/titan-fde30/services/sqladmin.googleapis.com:enable 200
[debug] [2026-03-13T01:35:47.090Z] <<< [apiv2][body] POST https://serviceusage.googleapis.com/v1/projects/titan-fde30/services/sqladmin.googleapis.com:enable [omitted]
[debug] [2026-03-13T01:35:57.099Z] Checked if tokens are valid: true, expires at: 1773369328563
[debug] [2026-03-13T01:35:57.099Z] Checked if tokens are valid: true, expires at: 1773369328563
[debug] [2026-03-13T01:35:57.099Z] >>> [apiv2][query] GET https://firebasedataconnect.googleapis.com/v1/projects/titan-fde30/locations/-/services [none]
[debug] [2026-03-13T01:35:59.033Z] <<< [apiv2][status] GET https://firebasedataconnect.googleapis.com/v1/projects/titan-fde30/locations/-/services 200
[debug] [2026-03-13T01:35:59.033Z] <<< [apiv2][body] GET https://firebasedataconnect.googleapis.com/v1/projects/titan-fde30/locations/-/services {}
[info] i  : ensuring required API cloudaicompanion.googleapis.com is enabled... 
[debug] [2026-03-13T01:37:53.400Z] Checked if tokens are valid: true, expires at: 1773369328563
[debug] [2026-03-13T01:37:53.400Z] Checked if tokens are valid: true, expires at: 1773369328563
[debug] [2026-03-13T01:37:53.401Z] >>> [apiv2][query] GET https://serviceusage.googleapis.com/v1/projects/titan-fde30/services/cloudaicompanion.googleapis.com [none]
[debug] [2026-03-13T01:37:53.401Z] >>> [apiv2][(partial)header] GET https://serviceusage.googleapis.com/v1/projects/titan-fde30/services/cloudaicompanion.googleapis.com  x-goog-user-project=titan-fde30
[debug] [2026-03-13T01:37:55.124Z] <<< [apiv2][status] GET https://serviceusage.googleapis.com/v1/projects/titan-fde30/services/cloudaicompanion.googleapis.com 200
[debug] [2026-03-13T01:37:55.125Z] <<< [apiv2][body] GET https://serviceusage.googleapis.com/v1/projects/titan-fde30/services/cloudaicompanion.googleapis.com [omitted]
[info] ✔  : required API cloudaicompanion.googleapis.com is enabled 
[debug] [2026-03-13T01:38:22.344Z] Checked if tokens are valid: true, expires at: 1773369328563
[debug] [2026-03-13T01:38:22.345Z] Checked if tokens are valid: true, expires at: 1773369328563
[debug] [2026-03-13T01:38:22.345Z] >>> [apiv2][query] GET https://cloudbilling.googleapis.com/v1/projects/titan-fde30/billingInfo [none]
[debug] [2026-03-13T01:38:23.880Z] <<< [apiv2][status] GET https://cloudbilling.googleapis.com/v1/projects/titan-fde30/billingInfo 200
[debug] [2026-03-13T01:38:23.880Z] <<< [apiv2][body] GET https://cloudbilling.googleapis.com/v1/projects/titan-fde30/billingInfo {"name":"projects/titan-fde30/billingInfo","projectId":"titan-fde30","billingAccountName":"","billingEnabled":false}
[debug] [2026-03-13T01:38:23.880Z] Checked if tokens are valid: true, expires at: 1773369328563
[debug] [2026-03-13T01:38:23.881Z] Checked if tokens are valid: true, expires at: 1773369328563
[debug] [2026-03-13T01:38:23.881Z] >>> [apiv2][query] GET https://monitoring.googleapis.com/v3/projects/titan-fde30/timeSeries/ filter=metric.type%3D%22serviceruntime.googleapis.com%2Fquota%2Fallocation%2Fusage%22+AND+metric.label.quota_metric+%3D+%22sqladmin.googleapis.com%2Ffdc_lifetime_free_trial_per_project%22&interval.endTime=2026-03-13T01%3A38%3A23.880Z&interval.startTime=2026-03-06T01%3A38%3A23.880Z
[debug] [2026-03-13T01:38:25.084Z] <<< [apiv2][status] GET https://monitoring.googleapis.com/v3/projects/titan-fde30/timeSeries/ 200
[debug] [2026-03-13T01:38:25.085Z] <<< [apiv2][body] GET https://monitoring.googleapis.com/v3/projects/titan-fde30/timeSeries/ {"unit":"1"}
[info] ✔  dataconnect: CloudSQL no cost trial available! 
[debug] [2026-03-13T01:38:25.086Z] Checked if tokens are valid: true, expires at: 1773369328563
[debug] [2026-03-13T01:38:25.086Z] Checked if tokens are valid: true, expires at: 1773369328563
[debug] [2026-03-13T01:38:25.086Z] >>> [apiv2][query] GET https://sqladmin.googleapis.com/v1/projects/titan-fde30/instances [none]
[debug] [2026-03-13T01:38:26.042Z] <<< [apiv2][status] GET https://sqladmin.googleapis.com/v1/projects/titan-fde30/instances 200
[debug] [2026-03-13T01:38:26.042Z] <<< [apiv2][body] GET https://sqladmin.googleapis.com/v1/projects/titan-fde30/instances {}
[debug] [2026-03-13T01:38:26.043Z] Checked if tokens are valid: true, expires at: 1773369328563
[debug] [2026-03-13T01:38:26.043Z] Checked if tokens are valid: true, expires at: 1773369328563
[debug] [2026-03-13T01:38:26.043Z] >>> [apiv2][query] GET https://firebasedataconnect.googleapis.com/v1/projects/titan-fde30/locations [none]
[debug] [2026-03-13T01:38:27.716Z] <<< [apiv2][status] GET https://firebasedataconnect.googleapis.com/v1/projects/titan-fde30/locations 200
[debug] [2026-03-13T01:38:27.716Z] <<< [apiv2][body] GET https://firebasedataconnect.googleapis.com/v1/projects/titan-fde30/locations {"locations":[{"name":"projects/titan-fde30/locations/asia-east1","locationId":"asia-east1","displayName":"Taiwan"},{"name":"projects/titan-fde30/locations/asia-east2","locationId":"asia-east2","displayName":"Hong Kong"},{"name":"projects/titan-fde30/locations/asia-northeast1","locationId":"asia-northeast1","displayName":"Tokyo"},{"name":"projects/titan-fde30/locations/asia-northeast2","locationId":"asia-northeast2","displayName":"Osaka"},{"name":"projects/titan-fde30/locations/asia-northeast3","locationId":"asia-northeast3","displayName":"Seoul"},{"name":"projects/titan-fde30/locations/asia-south1","locationId":"asia-south1","displayName":"Mumbai"},{"name":"projects/titan-fde30/locations/asia-southeast1","locationId":"asia-southeast1","displayName":"Singapore"},{"name":"projects/titan-fde30/locations/asia-southeast2","locationId":"asia-southeast2","displayName":"Jakarta"},{"name":"projects/titan-fde30/locations/australia-southeast1","locationId":"australia-southeast1","displayName":"Sydney"},{"name":"projects/titan-fde30/locations/australia-southeast2","locationId":"australia-southeast2","displayName":"Melbourne"},{"name":"projects/titan-fde30/locations/europe-central2","locationId":"europe-central2","displayName":"Warsaw"},{"name":"projects/titan-fde30/locations/europe-north1","locationId":"europe-north1","displayName":"Finland"},{"name":"projects/titan-fde30/locations/europe-southwest1","locationId":"europe-southwest1","displayName":"Madrid"},{"name":"projects/titan-fde30/locations/europe-west1","locationId":"europe-west1","displayName":"Belgium"},{"name":"projects/titan-fde30/locations/europe-west2","locationId":"europe-west2","displayName":"London"},{"name":"projects/titan-fde30/locations/europe-west3","locationId":"europe-west3","displayName":"Frankfurt"},{"name":"projects/titan-fde30/locations/europe-west4","locationId":"europe-west4","displayName":"Netherlands"},{"name":"projects/titan-fde30/locations/europe-west6","locationId":"europe-west6","displayName":"Zurich"},{"name":"projects/titan-fde30/locations/europe-west8","locationId":"europe-west8","displayName":"Milan"},{"name":"projects/titan-fde30/locations/europe-west9","locationId":"europe-west9","displayName":"Paris"},{"name":"projects/titan-fde30/locations/me-west1","locationId":"me-west1","displayName":"Tel Aviv"},{"name":"projects/titan-fde30/locations/northamerica-northeast1","locationId":"northamerica-northeast1","displayName":"Montréal"},{"name":"projects/titan-fde30/locations/northamerica-northeast2","locationId":"northamerica-northeast2","displayName":"Toronto"},{"name":"projects/titan-fde30/locations/southamerica-east1","locationId":"southamerica-east1","displayName":"São Paulo"},{"name":"projects/titan-fde30/locations/southamerica-west1","locationId":"southamerica-west1","displayName":"Santiago"},{"name":"projects/titan-fde30/locations/us-central1","locationId":"us-central1","displayName":"Iowa"},{"name":"projects/titan-fde30/locations/us-east1","locationId":"us-east1","displayName":"South Carolina"},{"name":"projects/titan-fde30/locations/us-east4","locationId":"us-east4","displayName":"Northern Virginia"},{"name":"projects/titan-fde30/locations/us-south1","locationId":"us-south1","displayName":"Dallas"},{"name":"projects/titan-fde30/locations/us-west1","locationId":"us-west1","displayName":"Oregon"},{"name":"projects/titan-fde30/locations/us-west2","locationId":"us-west2","displayName":"Los Angeles"},{"name":"projects/titan-fde30/locations/us-west3","locationId":"us-west3","displayName":"Salt Lake City"},{"name":"projects/titan-fde30/locations/us-west4","locationId":"us-west4","displayName":"Las Vegas"}]}
[warn] ⚠  dataconnect: Cannot detect an existing app in the current directory. 
[info] i  dataconnect: > flutter create flutter_app 
[error] ⬢  dataconnect: Failed to create a flutter app template 
[debug] [2026-03-13T01:38:50.000Z] Checked if tokens are valid: true, expires at: 1773369328563
[debug] [2026-03-13T01:38:50.000Z] Checked if tokens are valid: true, expires at: 1773369328563
[debug] [2026-03-13T01:38:50.000Z] >>> [apiv2][query] GET https://sqladmin.googleapis.com/v1/projects/titan-fde30/instances/projecthackethon-fdc [none]
[debug] [2026-03-13T01:38:50.417Z] <<< [apiv2][status] GET https://sqladmin.googleapis.com/v1/projects/titan-fde30/instances/projecthackethon-fdc 404
[debug] [2026-03-13T01:38:50.417Z] <<< [apiv2][body] GET https://sqladmin.googleapis.com/v1/projects/titan-fde30/instances/projecthackethon-fdc {"error":{"code":404,"message":"The Cloud SQL instance does not exist.","errors":[{"message":"The Cloud SQL instance does not exist.","domain":"global","reason":"instanceDoesNotExist"}]}}
[debug] [2026-03-13T01:38:50.418Z] Checked if tokens are valid: true, expires at: 1773369328563
[debug] [2026-03-13T01:38:50.418Z] Checked if tokens are valid: true, expires at: 1773369328563
[debug] [2026-03-13T01:38:50.418Z] >>> [apiv2][query] GET https://monitoring.googleapis.com/v3/projects/titan-fde30/timeSeries/ filter=metric.type%3D%22serviceruntime.googleapis.com%2Fquota%2Fallocation%2Fusage%22+AND+metric.label.quota_metric+%3D+%22sqladmin.googleapis.com%2Ffdc_lifetime_free_trial_per_project%22&interval.endTime=2026-03-13T01%3A38%3A50.418Z&interval.startTime=2026-03-06T01%3A38%3A50.418Z
[debug] [2026-03-13T01:38:51.302Z] <<< [apiv2][status] GET https://monitoring.googleapis.com/v3/projects/titan-fde30/timeSeries/ 200
[debug] [2026-03-13T01:38:51.302Z] <<< [apiv2][body] GET https://monitoring.googleapis.com/v3/projects/titan-fde30/timeSeries/ {"unit":"1"}
[debug] [2026-03-13T01:38:51.303Z] Checked if tokens are valid: true, expires at: 1773369328563
[debug] [2026-03-13T01:38:51.303Z] Checked if tokens are valid: true, expires at: 1773369328563
[debug] [2026-03-13T01:38:51.303Z] >>> [apiv2][query] POST https://sqladmin.googleapis.com/v1/projects/titan-fde30/instances [none]
[debug] [2026-03-13T01:38:51.303Z] >>> [apiv2][body] POST https://sqladmin.googleapis.com/v1/projects/titan-fde30/instances {"name":"projecthackethon-fdc","region":"us-east4","databaseVersion":"POSTGRES_17","settings":{"tier":"db-f1-micro","edition":"ENTERPRISE","ipConfiguration":{"authorizedNetworks":[]},"enableGoogleMlIntegration":false,"databaseFlags":[{"name":"cloudsql.iam_authentication","value":"on"}],"storageAutoResize":false,"userLabels":{"firebase-data-connect":"ft"},"insightsConfig":{"queryInsightsEnabled":true,"queryPlansPerMinute":5,"queryStringLength":1024}}}
[debug] [2026-03-13T01:38:54.187Z] <<< [apiv2][status] POST https://sqladmin.googleapis.com/v1/projects/titan-fde30/instances 200
[debug] [2026-03-13T01:38:54.187Z] <<< [apiv2][body] POST https://sqladmin.googleapis.com/v1/projects/titan-fde30/instances {"kind":"sql#operation","targetLink":"https://sqladmin.googleapis.com/v1/projects/titan-fde30/instances/projecthackethon-fdc","status":"PENDING","user":"thoduvailsidharth@gmail.com","insertTime":"2026-03-13T01:38:54.069Z","operationType":"CREATE","name":"1775b13e-328b-4847-80f7-599e0000002c","targetId":"projecthackethon-fdc","selfLink":"https://sqladmin.googleapis.com/v1/projects/titan-fde30/operations/1775b13e-328b-4847-80f7-599e0000002c","targetProject":"titan-fde30"}
[debug] [2026-03-13T01:38:54.187Z] Checked if tokens are valid: true, expires at: 1773369328563
[debug] [2026-03-13T01:38:54.187Z] Checked if tokens are valid: true, expires at: 1773369328563
[debug] [2026-03-13T01:38:54.188Z] >>> [apiv2][query] GET https://cloudbilling.googleapis.com/v1/projects/titan-fde30/billingInfo [none]
[debug] [2026-03-13T01:38:55.498Z] <<< [apiv2][status] GET https://cloudbilling.googleapis.com/v1/projects/titan-fde30/billingInfo 200
[debug] [2026-03-13T01:38:55.498Z] <<< [apiv2][body] GET https://cloudbilling.googleapis.com/v1/projects/titan-fde30/billingInfo {"name":"projects/titan-fde30/billingInfo","projectId":"titan-fde30","billingAccountName":"","billingEnabled":false}
[info] i  dataconnect: Cloud SQL Instance projecthackethon-fdc is being created.
This instance is provided under the terms of the Data Connect no-cost trial https://firebase.google.com/pricing

   Meanwhile, your data are saved in a temporary database and will be migrated once complete. 
   Your free trial instance won't show in google cloud console until a billing account is added.
   However, you can still use the gcloud cli to monitor your database instance:

	e.g. gcloud sql instances list --project titan-fde30
 
[debug] [2026-03-13T01:38:55.500Z] Checked if tokens are valid: true, expires at: 1773369328563
[debug] [2026-03-13T01:38:55.500Z] Checked if tokens are valid: true, expires at: 1773369328563
[debug] [2026-03-13T01:38:55.500Z] >>> [apiv2][query] POST https://firebasedataconnect.googleapis.com/v1/projects/titan-fde30/locations/us-east4/services service_id=projecthackethon
[debug] [2026-03-13T01:38:55.500Z] >>> [apiv2][body] POST https://firebasedataconnect.googleapis.com/v1/projects/titan-fde30/locations/us-east4/services {"name":"projects/titan-fde30/locations/us-east4/services/projecthackethon"}
[debug] [2026-03-13T01:38:59.069Z] <<< [apiv2][status] POST https://firebasedataconnect.googleapis.com/v1/projects/titan-fde30/locations/us-east4/services 200
[debug] [2026-03-13T01:38:59.070Z] <<< [apiv2][body] POST https://firebasedataconnect.googleapis.com/v1/projects/titan-fde30/locations/us-east4/services {"name":"projects/titan-fde30/locations/us-east4/operations/operation-1773365937250-64cddeebf22b3-8c28a214-93fdb1d6","metadata":{"@type":"type.googleapis.com/google.firebase.dataconnect.v1.OperationMetadata","createTime":"2026-03-13T01:38:58.970383838Z","target":"projects/titan-fde30/locations/us-east4/services/projecthackethon","verb":"create","requestedCancellation":false,"apiVersion":"v1"},"done":false}
[debug] [2026-03-13T01:38:59.071Z] Checked if tokens are valid: true, expires at: 1773369328563
[debug] [2026-03-13T01:38:59.071Z] Checked if tokens are valid: true, expires at: 1773369328563
[debug] [2026-03-13T01:38:59.071Z] >>> [apiv2][query] GET https://firebasedataconnect.googleapis.com/v1/projects/titan-fde30/locations/us-east4/operations/operation-1773365937250-64cddeebf22b3-8c28a214-93fdb1d6 [none]
[debug] [2026-03-13T01:38:59.413Z] <<< [apiv2][status] GET https://firebasedataconnect.googleapis.com/v1/projects/titan-fde30/locations/us-east4/operations/operation-1773365937250-64cddeebf22b3-8c28a214-93fdb1d6 200
[debug] [2026-03-13T01:38:59.413Z] <<< [apiv2][body] GET https://firebasedataconnect.googleapis.com/v1/projects/titan-fde30/locations/us-east4/operations/operation-1773365937250-64cddeebf22b3-8c28a214-93fdb1d6 {"name":"projects/titan-fde30/locations/us-east4/operations/operation-1773365937250-64cddeebf22b3-8c28a214-93fdb1d6","metadata":{"@type":"type.googleapis.com/google.firebase.dataconnect.v1.OperationMetadata","createTime":"2026-03-13T01:38:58.970383838Z","target":"projects/titan-fde30/locations/us-east4/services/projecthackethon","verb":"create","requestedCancellation":false,"apiVersion":"v1"},"done":false}
[debug] [2026-03-13T01:38:59.915Z] [LRO Poller] Retrying task index 0
[debug] [2026-03-13T01:38:59.916Z] Checked if tokens are valid: true, expires at: 1773369328563
[debug] [2026-03-13T01:38:59.916Z] Checked if tokens are valid: true, expires at: 1773369328563
[debug] [2026-03-13T01:38:59.916Z] >>> [apiv2][query] GET https://firebasedataconnect.googleapis.com/v1/projects/titan-fde30/locations/us-east4/operations/operation-1773365937250-64cddeebf22b3-8c28a214-93fdb1d6 [none]
[debug] [2026-03-13T01:39:00.257Z] <<< [apiv2][status] GET https://firebasedataconnect.googleapis.com/v1/projects/titan-fde30/locations/us-east4/operations/operation-1773365937250-64cddeebf22b3-8c28a214-93fdb1d6 200
[debug] [2026-03-13T01:39:00.258Z] <<< [apiv2][body] GET https://firebasedataconnect.googleapis.com/v1/projects/titan-fde30/locations/us-east4/operations/operation-1773365937250-64cddeebf22b3-8c28a214-93fdb1d6 {"name":"projects/titan-fde30/locations/us-east4/operations/operation-1773365937250-64cddeebf22b3-8c28a214-93fdb1d6","metadata":{"@type":"type.googleapis.com/google.firebase.dataconnect.v1.OperationMetadata","createTime":"2026-03-13T01:38:58.970383838Z","target":"projects/titan-fde30/locations/us-east4/services/projecthackethon","verb":"create","requestedCancellation":false,"apiVersion":"v1"},"done":false}
[debug] [2026-03-13T01:39:01.259Z] [LRO Poller] Retrying task index 0
[debug] [2026-03-13T01:39:01.259Z] Checked if tokens are valid: true, expires at: 1773369328563
[debug] [2026-03-13T01:39:01.259Z] Checked if tokens are valid: true, expires at: 1773369328563
[debug] [2026-03-13T01:39:01.259Z] >>> [apiv2][query] GET https://firebasedataconnect.googleapis.com/v1/projects/titan-fde30/locations/us-east4/operations/operation-1773365937250-64cddeebf22b3-8c28a214-93fdb1d6 [none]
[debug] [2026-03-13T01:39:01.594Z] <<< [apiv2][status] GET https://firebasedataconnect.googleapis.com/v1/projects/titan-fde30/locations/us-east4/operations/operation-1773365937250-64cddeebf22b3-8c28a214-93fdb1d6 200
[debug] [2026-03-13T01:39:01.594Z] <<< [apiv2][body] GET https://firebasedataconnect.googleapis.com/v1/projects/titan-fde30/locations/us-east4/operations/operation-1773365937250-64cddeebf22b3-8c28a214-93fdb1d6 {"name":"projects/titan-fde30/locations/us-east4/operations/operation-1773365937250-64cddeebf22b3-8c28a214-93fdb1d6","metadata":{"@type":"type.googleapis.com/google.firebase.dataconnect.v1.OperationMetadata","createTime":"2026-03-13T01:38:58.970383838Z","endTime":"2026-03-13T01:39:00.265393437Z","target":"projects/titan-fde30/locations/us-east4/services/projecthackethon","verb":"create","requestedCancellation":false,"apiVersion":"v1"},"done":true,"response":{"@type":"type.googleapis.com/google.firebase.dataconnect.v1.Service","name":"projects/titan-fde30/locations/us-east4/services/projecthackethon","createTime":"2026-03-13T01:38:58.965595107Z","updateTime":"2026-03-13T01:38:58.965595107Z","uid":"521ee6cf-d567-4bc2-b81e-9fbc93e42fb0","reconciling":false,"etag":"8OfOR2EtWgQhYAXsVGQjVhGuShtrghq1FyDt5oYGqvc"}}
[debug] [2026-03-13T01:39:01.598Z] Checked if tokens are valid: true, expires at: 1773369328563
[debug] [2026-03-13T01:39:01.598Z] Checked if tokens are valid: true, expires at: 1773369328563
[debug] [2026-03-13T01:39:01.598Z] >>> [apiv2][query] POST https://cloudaicompanion.googleapis.com/v1beta/projects/titan-fde30/locations/global/instances/default:completeTask [none]
[debug] [2026-03-13T01:39:01.598Z] >>> [apiv2][body] POST https://cloudaicompanion.googleapis.com/v1beta/projects/titan-fde30/locations/global/instances/default:completeTask {"input":{"messages":[{"content":"Smart interview system for blind people","author":"USER"}]},"experienceContext":{"experience":"/appeco/firebase/fdc-schema-generator"}}
[debug] [2026-03-13T01:39:10.557Z] <<< [apiv2][status] POST https://cloudaicompanion.googleapis.com/v1beta/projects/titan-fde30/locations/global/instances/default:completeTask 200
[debug] [2026-03-13T01:39:10.557Z] <<< [apiv2][body] POST https://cloudaicompanion.googleapis.com/v1beta/projects/titan-fde30/locations/global/instances/default:completeTask {"output":{"messages":[{"content":"```graphql\ntype User @table {\n  username: String!\n  email: String!\n  role: String!\n  createdAt: Timestamp!\n  firstName: String\n  lastName: String\n  accessibilityPreferences: String\n}\n\ntype JobOpening @table {\n  title: String!\n  description: String!\n  department: String!\n  createdAt: Timestamp!\n  requirements: String\n  location: String\n  status: String\n}\n\ntype InterviewTemplate @table {\n  name: String!\n  description: String!\n  createdAt: Timestamp!\n  category: String\n  creator: User\n}\n\ntype Question @table {\n  text: String!\n  type: String!\n  orderInTemplate: Int!\n  guidanceForInterviewer: String\n  expectedKeywords: String\n  interviewTemplate: InterviewTemplate\n}\n\ntype InterviewSession @table {\n  scheduledAt: Timestamp!\n  status: String!\n  createdAt: Timestamp!\n  feedback: String\n  overallScore: Int\n  candidate: User\n  interviewer: User\n  jobOpening: JobOpening\n  interviewTemplate: InterviewTemplate\n}\n\ntype CandidateResponse @table {\n  audioTranscript: String!\n  recordedAt: Timestamp!\n  interviewerNotes: String\n  score: Int\n  sentimentAnalysis: String\n  interviewSession: InterviewSession\n  question: Question\n}\n```\n"}]},"displayContext":{"additionalContext":{"@type":"type.googleapis.com/google.cloud.cloudaicompanion.v1main.FirebaseChatDisplayContext","firebaseFdcDisplayContext":{"schemaSyntaxError":""}}}}
[debug] [2026-03-13T01:39:10.559Z] Checked if tokens are valid: true, expires at: 1773369328563
[debug] [2026-03-13T01:39:10.559Z] Checked if tokens are valid: true, expires at: 1773369328563
[debug] [2026-03-13T01:39:10.559Z] >>> [apiv2][query] PATCH https://firebasedataconnect.googleapis.com/v1/projects/titan-fde30/locations/us-east4/services/projecthackethon/schemas/main allowMissing=true&validateOnly=false
[debug] [2026-03-13T01:39:10.559Z] >>> [apiv2][body] PATCH https://firebasedataconnect.googleapis.com/v1/projects/titan-fde30/locations/us-east4/services/projecthackethon/schemas/main {"name":"projects/titan-fde30/locations/us-east4/services/projecthackethon/schemas/main","datasources":[{"postgresql":{"database":"fdcdb","cloudSql":{"instance":"projects/titan-fde30/locations/us-east4/instances/projecthackethon-fdc"},"schemaValidation":"NONE"}}],"source":{"files":[{"path":"schema.gql","content":"type User @table {\n  username: String!\n  email: String!\n  role: String!\n  createdAt: Timestamp!\n  firstName: String\n  lastName: String\n  accessibilityPreferences: String\n}\n\ntype JobOpening @table {\n  title: String!\n  description: String!\n  department: String!\n  createdAt: Timestamp!\n  requirements: String\n  location: String\n  status: String\n}\n\ntype InterviewTemplate @table {\n  name: String!\n  description: String!\n  createdAt: Timestamp!\n  category: String\n  creator: User\n}\n\ntype Question @table {\n  text: String!\n  type: String!\n  orderInTemplate: Int!\n  guidanceForInterviewer: String\n  expectedKeywords: String\n  interviewTemplate: InterviewTemplate\n}\n\ntype InterviewSession @table {\n  scheduledAt: Timestamp!\n  status: String!\n  createdAt: Timestamp!\n  feedback: String\n  overallScore: Int\n  candidate: User\n  interviewer: User\n  jobOpening: JobOpening\n  interviewTemplate: InterviewTemplate\n}\n\ntype CandidateResponse @table {\n  audioTranscript: String!\n  recordedAt: Timestamp!\n  interviewerNotes: String\n  score: Int\n  sentimentAnalysis: String\n  interviewSession: InterviewSession\n  question: Question\n}"}]}}
[debug] [2026-03-13T01:39:12.665Z] <<< [apiv2][status] PATCH https://firebasedataconnect.googleapis.com/v1/projects/titan-fde30/locations/us-east4/services/projecthackethon/schemas/main 200
[debug] [2026-03-13T01:39:12.667Z] <<< [apiv2][body] PATCH https://firebasedataconnect.googleapis.com/v1/projects/titan-fde30/locations/us-east4/services/projecthackethon/schemas/main {"name":"projects/titan-fde30/locations/us-east4/operations/operation-1773365952246-64cddefa3f1c3-7491fc0e-acb5e790","metadata":{"@type":"type.googleapis.com/google.firebase.dataconnect.v1.OperationMetadata","createTime":"2026-03-13T01:39:12.567875128Z","target":"projects/titan-fde30/locations/us-east4/services/projecthackethon/schemas/main","verb":"update","requestedCancellation":false,"apiVersion":"v1"},"done":false}
[debug] [2026-03-13T01:39:12.667Z] Checked if tokens are valid: true, expires at: 1773369328563
[debug] [2026-03-13T01:39:12.667Z] Checked if tokens are valid: true, expires at: 1773369328563
[debug] [2026-03-13T01:39:12.667Z] >>> [apiv2][query] GET https://firebasedataconnect.googleapis.com/v1/projects/titan-fde30/locations/us-east4/operations/operation-1773365952246-64cddefa3f1c3-7491fc0e-acb5e790 [none]
[debug] [2026-03-13T01:39:13.011Z] <<< [apiv2][status] GET https://firebasedataconnect.googleapis.com/v1/projects/titan-fde30/locations/us-east4/operations/operation-1773365952246-64cddefa3f1c3-7491fc0e-acb5e790 200
[debug] [2026-03-13T01:39:13.011Z] <<< [apiv2][body] GET https://firebasedataconnect.googleapis.com/v1/projects/titan-fde30/locations/us-east4/operations/operation-1773365952246-64cddefa3f1c3-7491fc0e-acb5e790 {"name":"projects/titan-fde30/locations/us-east4/operations/operation-1773365952246-64cddefa3f1c3-7491fc0e-acb5e790","metadata":{"@type":"type.googleapis.com/google.firebase.dataconnect.v1.OperationMetadata","createTime":"2026-03-13T01:39:12.567875128Z","endTime":"2026-03-13T01:39:12.779988229Z","target":"projects/titan-fde30/locations/us-east4/services/projecthackethon/schemas/main","verb":"update","requestedCancellation":false,"apiVersion":"v1"},"done":true}
[debug] [2026-03-13T01:39:13.011Z] Checked if tokens are valid: true, expires at: 1773369328563
[debug] [2026-03-13T01:39:13.011Z] Checked if tokens are valid: true, expires at: 1773369328563
[debug] [2026-03-13T01:39:13.012Z] Checked if tokens are valid: true, expires at: 1773369328563
[debug] [2026-03-13T01:39:13.012Z] Checked if tokens are valid: true, expires at: 1773369328563
[debug] [2026-03-13T01:39:13.014Z] Checked if tokens are valid: true, expires at: 1773369328563
[debug] [2026-03-13T01:39:13.014Z] Checked if tokens are valid: true, expires at: 1773369328563
[debug] [2026-03-13T01:39:13.014Z] >>> [apiv2][query] PATCH https://firebasedataconnect.googleapis.com/v1/projects/titan-fde30/locations/us-east4/services/projecthackethon/schemas/main allowMissing=true&validateOnly=false
[debug] [2026-03-13T01:39:13.014Z] >>> [apiv2][body] PATCH https://firebasedataconnect.googleapis.com/v1/projects/titan-fde30/locations/us-east4/services/projecthackethon/schemas/main {"name":"projects/titan-fde30/locations/us-east4/services/projecthackethon/schemas/main","datasources":[{"postgresql":{"database":"fdcdb","cloudSql":{"instance":"projects/titan-fde30/locations/us-east4/instances/projecthackethon-fdc"},"schemaMigration":"MIGRATE_COMPATIBLE"}}],"source":{"files":[{"path":"schema.gql","content":"type User @table {\n  username: String!\n  email: String!\n  role: String!\n  createdAt: Timestamp!\n  firstName: String\n  lastName: String\n  accessibilityPreferences: String\n}\n\ntype JobOpening @table {\n  title: String!\n  description: String!\n  department: String!\n  createdAt: Timestamp!\n  requirements: String\n  location: String\n  status: String\n}\n\ntype InterviewTemplate @table {\n  name: String!\n  description: String!\n  createdAt: Timestamp!\n  category: String\n  creator: User\n}\n\ntype Question @table {\n  text: String!\n  type: String!\n  orderInTemplate: Int!\n  guidanceForInterviewer: String\n  expectedKeywords: String\n  interviewTemplate: InterviewTemplate\n}\n\ntype InterviewSession @table {\n  scheduledAt: Timestamp!\n  status: String!\n  createdAt: Timestamp!\n  feedback: String\n  overallScore: Int\n  candidate: User\n  interviewer: User\n  jobOpening: JobOpening\n  interviewTemplate: InterviewTemplate\n}\n\ntype CandidateResponse @table {\n  audioTranscript: String!\n  recordedAt: Timestamp!\n  interviewerNotes: String\n  score: Int\n  sentimentAnalysis: String\n  interviewSession: InterviewSession\n  question: Question\n}"}]}}
[debug] [2026-03-13T01:39:13.016Z] >>> [apiv2][query] POST https://cloudaicompanion.googleapis.com/v1beta/projects/titan-fde30/locations/global/instances/default:completeTask [none]
[debug] [2026-03-13T01:39:13.016Z] >>> [apiv2][body] POST https://cloudaicompanion.googleapis.com/v1beta/projects/titan-fde30/locations/global/instances/default:completeTask {"input":{"messages":[{"content":"Create 4 operations for an app using the instance schema with proper authentication.","author":"USER"}]},"experienceContext":{"experience":"/appeco/firebase/fdc-query-generator"},"clientContext":{"additionalContext":{"@type":"type.googleapis.com/google.cloud.cloudaicompanion.v1main.FirebaseChatRequestContext","fdcInfo":{"fdcServiceName":"projects/titan-fde30/locations/us-east4/services/projecthackethon","requiresQuery":true}}}}
[debug] [2026-03-13T01:39:13.016Z] >>> [apiv2][query] POST https://cloudaicompanion.googleapis.com/v1beta/projects/titan-fde30/locations/global/instances/default:completeTask [none]
[debug] [2026-03-13T01:39:13.016Z] >>> [apiv2][body] POST https://cloudaicompanion.googleapis.com/v1beta/projects/titan-fde30/locations/global/instances/default:completeTask {"input":{"messages":[{"content":"Create a mutation to populate the database with some seed data.","author":"USER"}]},"experienceContext":{"experience":"/appeco/firebase/fdc-query-generator"},"clientContext":{"additionalContext":{"@type":"type.googleapis.com/google.cloud.cloudaicompanion.v1main.FirebaseChatRequestContext","fdcInfo":{"fdcServiceName":"projects/titan-fde30/locations/us-east4/services/projecthackethon","requiresQuery":true}}}}
[debug] [2026-03-13T01:39:13.804Z] <<< [apiv2][status] PATCH https://firebasedataconnect.googleapis.com/v1/projects/titan-fde30/locations/us-east4/services/projecthackethon/schemas/main 200
[debug] [2026-03-13T01:39:13.805Z] <<< [apiv2][body] PATCH https://firebasedataconnect.googleapis.com/v1/projects/titan-fde30/locations/us-east4/services/projecthackethon/schemas/main {"name":"projects/titan-fde30/locations/us-east4/operations/operation-1773365953241-64cddefb322eb-5e49535c-a4c8e1f7","metadata":{"@type":"type.googleapis.com/google.firebase.dataconnect.v1.OperationMetadata","createTime":"2026-03-13T01:39:13.707261024Z","target":"projects/titan-fde30/locations/us-east4/services/projecthackethon/schemas/main","verb":"update","requestedCancellation":false,"apiVersion":"v1"},"done":false}
[debug] [2026-03-13T01:39:13.805Z] Checked if tokens are valid: true, expires at: 1773369328563
[debug] [2026-03-13T01:39:13.805Z] Checked if tokens are valid: true, expires at: 1773369328563
[debug] [2026-03-13T01:39:13.805Z] >>> [apiv2][query] GET https://firebasedataconnect.googleapis.com/v1/projects/titan-fde30/locations/us-east4/operations/operation-1773365953241-64cddefb322eb-5e49535c-a4c8e1f7 [none]
[debug] [2026-03-13T01:39:14.130Z] <<< [apiv2][status] GET https://firebasedataconnect.googleapis.com/v1/projects/titan-fde30/locations/us-east4/operations/operation-1773365953241-64cddefb322eb-5e49535c-a4c8e1f7 200
[debug] [2026-03-13T01:39:14.130Z] <<< [apiv2][body] GET https://firebasedataconnect.googleapis.com/v1/projects/titan-fde30/locations/us-east4/operations/operation-1773365953241-64cddefb322eb-5e49535c-a4c8e1f7 {"name":"projects/titan-fde30/locations/us-east4/operations/operation-1773365953241-64cddefb322eb-5e49535c-a4c8e1f7","metadata":{"@type":"type.googleapis.com/google.firebase.dataconnect.v1.OperationMetadata","createTime":"2026-03-13T01:39:13.707261024Z","target":"projects/titan-fde30/locations/us-east4/services/projecthackethon/schemas/main","verb":"update","requestedCancellation":false,"apiVersion":"v1"},"done":false}
[debug] [2026-03-13T01:39:14.630Z] [LRO Poller] Retrying task index 0
[debug] [2026-03-13T01:39:14.631Z] Checked if tokens are valid: true, expires at: 1773369328563
[debug] [2026-03-13T01:39:14.631Z] Checked if tokens are valid: true, expires at: 1773369328563
[debug] [2026-03-13T01:39:14.631Z] >>> [apiv2][query] GET https://firebasedataconnect.googleapis.com/v1/projects/titan-fde30/locations/us-east4/operations/operation-1773365953241-64cddefb322eb-5e49535c-a4c8e1f7 [none]
[debug] [2026-03-13T01:39:14.968Z] <<< [apiv2][status] GET https://firebasedataconnect.googleapis.com/v1/projects/titan-fde30/locations/us-east4/operations/operation-1773365953241-64cddefb322eb-5e49535c-a4c8e1f7 200
[debug] [2026-03-13T01:39:14.969Z] <<< [apiv2][body] GET https://firebasedataconnect.googleapis.com/v1/projects/titan-fde30/locations/us-east4/operations/operation-1773365953241-64cddefb322eb-5e49535c-a4c8e1f7 {"name":"projects/titan-fde30/locations/us-east4/operations/operation-1773365953241-64cddefb322eb-5e49535c-a4c8e1f7","metadata":{"@type":"type.googleapis.com/google.firebase.dataconnect.v1.OperationMetadata","createTime":"2026-03-13T01:39:13.707261024Z","target":"projects/titan-fde30/locations/us-east4/services/projecthackethon/schemas/main","verb":"update","requestedCancellation":false,"apiVersion":"v1"},"done":false}
[debug] [2026-03-13T01:54:06.447Z] Error: write EIO
    at afterWriteDispatched (node:internal/stream_base_commons:159:15)
    at writeGeneric (node:internal/stream_base_commons:150:3)
    at Socket._writeGeneric (node:net:966:11)
    at Socket._write (node:net:978:8)
    at writeOrBuffer (node:internal/streams/writable:570:12)
    at _write (node:internal/streams/writable:499:10)
    at Writable.write (node:internal/streams/writable:508:10)
    at Object.clearLine (node:internal/readline/callbacks:107:17)
    at WriteStream.clearLine (node:tty:158:19)
    at Ora.clear (/usr/local/share/nvm/versions/node/v24.11.1/lib/node_modules/firebase-tools/node_modules/ora/index.js:272:16)
[error] 
[error] Error: An unexpected error has occurred.
[debug] [2026-03-13T01:54:06.448Z] Error: write EIO
    at afterWriteDispatched (node:internal/stream_base_commons:159:15)
    at writeGeneric (node:internal/stream_base_commons:150:3)
    at Socket._writeGeneric (node:net:966:11)
    at Socket._write (node:net:978:8)
    at writeOrBuffer (node:internal/streams/writable:570:12)
    at _write (node:internal/streams/writable:499:10)
    at Writable.write (node:internal/streams/writable:508:10)
    at Console.log (/usr/local/share/nvm/versions/node/v24.11.1/lib/node_modules/firebase-tools/node_modules/winston/lib/winston/transports/console.js:87:23)
    at Console._write (/usr/local/share/nvm/versions/node/v24.11.1/lib/node_modules/firebase-tools/node_modules/winston-transport/modern.js:103:17)
    at doWrite (/usr/local/share/nvm/versions/node/v24.11.1/lib/node_modules/firebase-tools/node_modules/winston-transport/node_modules/readable-stream/lib/_stream_writable.js:390:139)
[error] 
[error] Error: An unexpected error has occurred.
[debug] [2026-03-13T01:54:06.449Z] Error: write EIO
    at afterWriteDispatched (node:internal/stream_base_commons:159:15)
    at writeGeneric (node:internal/stream_base_commons:150:3)
    at Socket._writeGeneric (node:net:966:11)
    at Socket._write (node:net:978:8)
    at writeOrBuffer (node:internal/streams/writable:570:12)
    at _write (node:internal/streams/writable:499:10)
    at Writable.write (node:internal/streams/writable:508:10)
    at Console.log (/usr/local/share/nvm/versions/node/v24.11.1/lib/node_modules/firebase-tools/node_modules/winston/lib/winston/transports/console.js:87:23)
    at Console._write (/usr/local/share/nvm/versions/node/v24.11.1/lib/node_modules/firebase-tools/node_modules/winston-transport/modern.js:103:17)
    at doWrite (/usr/local/share/nvm/versions/node/v24.11.1/lib/node_modules/firebase-tools/node_modules/winston-transport/node_modules/readable-stream/lib/_stream_writable.js:390:139)
[error] 
[error] Error: An unexpected error has occurred.
[debug] [2026-03-13T01:54:06.451Z] Error: write EIO
    at afterWriteDispatched (node:internal/stream_base_commons:159:15)
    at writeGeneric (node:internal/stream_base_commons:150:3)
    at Socket._writeGeneric (node:net:966:11)
    at Socket._write (node:net:978:8)
    at writeOrBuffer (node:internal/streams/writable:570:12)
    at _write (node:internal/streams/writable:499:10)
    at Writable.write (node:internal/streams/writable:508:10)
    at Console.log (/usr/local/share/nvm/versions/node/v24.11.1/lib/node_modules/firebase-tools/node_modules/winston/lib/winston/transports/console.js:87:23)
    at Console._write (/usr/local/share/nvm/versions/node/v24.11.1/lib/node_modules/firebase-tools/node_modules/winston-transport/modern.js:103:17)
    at doWrite (/usr/local/share/nvm/versions/node/v24.11.1/lib/node_modules/firebase-tools/node_modules/winston-transport/node_modules/readable-stream/lib/_stream_writable.js:390:139)
[error] 
[error] Error: An unexpected error has occurred.
[debug] [2026-03-13T01:54:06.451Z] Error: write EIO
    at afterWriteDispatched (node:internal/stream_base_commons:159:15)
    at writeGeneric (node:internal/stream_base_commons:150:3)
    at Socket._writeGeneric (node:net:966:11)
    at Socket._write (node:net:978:8)
    at writeOrBuffer (node:internal/streams/writable:570:12)
    at _write (node:internal/streams/writable:499:10)
    at Writable.write (node:internal/streams/writable:508:10)
    at Console.log (/usr/local/share/nvm/versions/node/v24.11.1/lib/node_modules/firebase-tools/node_modules/winston/lib/winston/transports/console.js:87:23)
    at Console._write (/usr/local/share/nvm/versions/node/v24.11.1/lib/node_modules/firebase-tools/node_modules/winston-transport/modern.js:103:17)
    at doWrite (/usr/local/share/nvm/versions/node/v24.11.1/lib/node_modules/firebase-tools/node_modules/winston-transport/node_modules/readable-stream/lib/_stream_writable.js:390:139)
[error] 
[error] Error: An unexpected error has occurred.
[debug] [2026-03-13T01:54:06.452Z] Error: write EIO
    at afterWriteDispatched (node:internal/stream_base_commons:159:15)
    at writeGeneric (node:internal/stream_base_commons:150:3)
    at Socket._writeGeneric (node:net:966:11)
    at Socket._write (node:net:978:8)
    at writeOrBuffer (node:internal/streams/writable:570:12)
    at _write (node:internal/streams/writable:499:10)
    at Writable.write (node:internal/streams/writable:508:10)
    at Console.log (/usr/local/share/nvm/versions/node/v24.11.1/lib/node_modules/firebase-tools/node_modules/winston/lib/winston/transports/console.js:87:23)
    at Console._write (/usr/local/share/nvm/versions/node/v24.11.1/lib/node_modules/firebase-tools/node_modules/winston-transport/modern.js:103:17)
    at doWrite (/usr/local/share/nvm/versions/node/v24.11.1/lib/node_modules/firebase-tools/node_modules/winston-transport/node_modules/readable-stream/lib/_stream_writable.js:390:139)
[error] 
[error] Error: An unexpected error has occurred.
[debug] [2026-03-13T01:54:06.452Z] Error: write EIO
    at afterWriteDispatched (node:internal/stream_base_commons:159:15)
    at writeGeneric (node:internal/stream_base_commons:150:3)
    at Socket._writeGeneric (node:net:966:11)
    at Socket._write (node:net:978:8)
    at writeOrBuffer (node:internal/streams/writable:570:12)
    at _write (node:internal/streams/writable:499:10)
    at Writable.write (node:internal/streams/writable:508:10)
    at Console.log (/usr/local/share/nvm/versions/node/v24.11.1/lib/node_modules/firebase-tools/node_modules/winston/lib/winston/transports/console.js:87:23)
    at Console._write (/usr/local/share/nvm/versions/node/v24.11.1/lib/node_modules/firebase-tools/node_modules/winston-transport/modern.js:103:17)
    at doWrite (/usr/local/share/nvm/versions/node/v24.11.1/lib/node_modules/firebase-tools/node_modules/winston-transport/node_modules/readable-stream/lib/_stream_writable.js:390:139)
[error] 
[error] Error: An unexpected error has occurred.
[debug] [2026-03-13T01:54:06.453Z] Error: write EIO
    at afterWriteDispatched (node:internal/stream_base_commons:159:15)
    at writeGeneric (node:internal/stream_base_commons:150:3)
    at Socket._writeGeneric (node:net:966:11)
    at Socket._write (node:net:978:8)
    at writeOrBuffer (node:internal/streams/writable:570:12)
    at _write (node:internal/streams/writable:499:10)
    at Writable.write (node:internal/streams/writable:508:10)
    at Console.log (/usr/local/share/nvm/versions/node/v24.11.1/lib/node_modules/firebase-tools/node_modules/winston/lib/winston/transports/console.js:87:23)
    at Console._write (/usr/local/share/nvm/versions/node/v24.11.1/lib/node_modules/firebase-tools/node_modules/winston-transport/modern.js:103:17)
    at doWrite (/usr/local/share/nvm/versions/node/v24.11.1/lib/node_modules/firebase-tools/node_modules/winston-transport/node_modules/readable-stream/lib/_stream_writable.js:390:139)
[error] 
[error] Error: An unexpected error has occurred.
[debug] [2026-03-13T01:54:06.453Z] Error: write EIO
    at afterWriteDispatched (node:internal/stream_base_commons:159:15)
    at writeGeneric (node:internal/stream_base_commons:150:3)
    at Socket._writeGeneric (node:net:966:11)
    at Socket._write (node:net:978:8)
    at writeOrBuffer (node:internal/streams/writable:570:12)
    at _write (node:internal/streams/writable:499:10)
    at Writable.write (node:internal/streams/writable:508:10)
    at Console.log (/usr/local/share/nvm/versions/node/v24.11.1/lib/node_modules/firebase-tools/node_modules/winston/lib/winston/transports/console.js:87:23)
    at Console._write (/usr/local/share/nvm/versions/node/v24.11.1/lib/node_modules/firebase-tools/node_modules/winston-transport/modern.js:103:17)
    at doWrite (/usr/local/share/nvm/versions/node/v24.11.1/lib/node_modules/firebase-tools/node_modules/winston-transport/node_modules/readable-stream/lib/_stream_writable.js:390:139)
[error] 
[error] Error: An unexpected error has occurred.
[debug] [2026-03-13T01:54:06.454Z] Error: write EIO
    at afterWriteDispatched (node:internal/stream_base_commons:159:15)
    at writeGeneric (node:internal/stream_base_commons:150:3)
    at Socket._writeGeneric (node:net:966:11)
    at Socket._write (node:net:978:8)
    at writeOrBuffer (node:internal/streams/writable:570:12)
    at _write (node:internal/streams/writable:499:10)
    at Writable.write (node:internal/streams/writable:508:10)
    at Console.log (/usr/local/share/nvm/versions/node/v24.11.1/lib/node_modules/firebase-tools/node_modules/winston/lib/winston/transports/console.js:87:23)
    at Console._write (/usr/local/share/nvm/versions/node/v24.11.1/lib/node_modules/firebase-tools/node_modules/winston-transport/modern.js:103:17)
    at doWrite (/usr/local/share/nvm/versions/node/v24.11.1/lib/node_modules/firebase-tools/node_modules/winston-transport/node_modules/readable-stream/lib/_stream_writable.js:390:139)
[error] 
[error] Error: An unexpected error has occurred.
[debug] [2026-03-13T01:54:06.454Z] Error: write EIO
    at afterWriteDispatched (node:internal/stream_base_commons:159:15)
    at writeGeneric (node:internal/stream_base_commons:150:3)
    at Socket._writeGeneric (node:net:966:11)
    at Socket._write (node:net:978:8)
    at writeOrBuffer (node:internal/streams/writable:570:12)
    at _write (node:internal/streams/writable:499:10)
    at Writable.write (node:internal/streams/writable:508:10)
    at Console.log (/usr/local/share/nvm/versions/node/v24.11.1/lib/node_modules/firebase-tools/node_modules/winston/lib/winston/transports/console.js:87:23)
    at Console._write (/usr/local/share/nvm/versions/node/v24.11.1/lib/node_modules/firebase-tools/node_modules/winston-transport/modern.js:103:17)
    at doWrite (/usr/local/share/nvm/versions/node/v24.11.1/lib/node_modules/firebase-tools/node_modules/winston-transport/node_modules/readable-stream/lib/_stream_writable.js:390:139)
[error] 
[error] Error: An unexpected error has occurred.
[debug] [2026-03-13T01:54:06.455Z] Error: write EIO
    at afterWriteDispatched (node:internal/stream_base_commons:159:15)
    at writeGeneric (node:internal/stream_base_commons:150:3)
    at Socket._writeGeneric (node:net:966:11)
    at Socket._write (node:net:978:8)
    at writeOrBuffer (node:internal/streams/writable:570:12)
    at _write (node:internal/streams/writable:499:10)
    at Writable.write (node:internal/streams/writable:508:10)
    at Console.log (/usr/local/share/nvm/versions/node/v24.11.1/lib/node_modules/firebase-tools/node_modules/winston/lib/winston/transports/console.js:87:23)
    at Console._write (/usr/local/share/nvm/versions/node/v24.11.1/lib/node_modules/firebase-tools/node_modules/winston-transport/modern.js:103:17)
    at doWrite (/usr/local/share/nvm/versions/node/v24.11.1/lib/node_modules/firebase-tools/node_modules/winston-transport/node_modules/readable-stream/lib/_stream_writable.js:390:139)
[error] 
[error] Error: An unexpected error has occurred.
